#
# A fatal error has been detected by the Java Runtime Environment:
#
#  EXCEPTION_ACCESS_VIOLATION (0xc0000005) at pc=0x000000005864402a, pid=20128, tid=0x0000000000004204
#
# JRE version: OpenJDK Runtime Environment (8.0_152-b02) (build 1.8.0_152-release-1024-b02)
# Java VM: OpenJDK 64-Bit Server VM (25.152-b02 mixed mode windows-amd64 compressed oops)
# Problematic frame:
# V  [jvm.dll+0x3c402a]
#
# Failed to write core dump. Minidumps are not enabled by default on client versions of Windows
#
# If you would like to submit a bug report, please visit:
#   http://bugreport.java.com/bugreport/crash.jsp
#

---------------  T H R E A D  ---------------

Current thread (0x0000000001e98000):  GCTaskThread [stack: 0x0000000011950000,0x0000000011a50000] [id=16900]

siginfo: ExceptionCode=0xc0000005, reading address 0xffffffffffffffff

Registers:
RAX=0xe890fffffff6bacc, RBX=0x0000000000000d34, RCX=0x0000000003780348, RDX=0x0000000001f6d200
RSP=0x0000000011a4fb70, RBP=0x00000000157e54a0, RSI=0x0000000001f6d200, RDI=0x0000000001e8d6a0
R8 =0x00000000a472b338, R9 =0x0000000003780348, R10=0x000000000000000c, R11=0x0000000000000d34
R12=0x0000000001e98560, R13=0x0000000001e98938, R14=0x00000000000003d8, R15=0x0000000000000000
RIP=0x000000005864402a, EFLAGS=0x0000000000010206

Top of Stack: (sp=0x0000000011a4fb70)
0x0000000011a4fb70:   0000000015ff19e0 00000000157e54a0
0x0000000011a4fb80:   0000000001f6d200 0000000001e98560
0x0000000011a4fb90:   0000000000000000 0000000000000c00
0x0000000011a4fba0:   0000000000000000 0000000000000000
0x0000000011a4fbb0:   0000000000000000 000000001ce66800
0x0000000011a4fbc0:   0000000000000001 000000001ac75801
0x0000000011a4fbd0:   0000756b7ed8a089 0000000001e98938
0x0000000011a4fbe0:   0000000001e98560 00000000000003d8
0x0000000011a4fbf0:   0000000001e98560 0000000001e8d6a0
0x0000000011a4fc00:   0000000001e98550 00000000157e54a0
0x0000000011a4fc10:   0000000001f6d200 0000000058640dc3
0x0000000011a4fc20:   00000000a472b338 0000000001e810d0
0x0000000011a4fc30:   0000000001e810d0 00000000584e9e82
0x0000000011a4fc40:   0000000058894960 0000000000000000
0x0000000011a4fc50:   0000000001f6d200 0000000058843270
0x0000000011a4fc60:   0000000001e97600 0000000011a4fc40 

Instructions: (pc=0x000000005864402a)
0x000000005864400a:   00 74 28 8b 0d 45 76 39 00 45 8b 48 08 48 8b d6
0x000000005864401a:   49 d3 e1 4c 03 0d 2c 76 39 00 49 8b c9 49 8b 01
0x000000005864402a:   ff 90 08 01 00 00 e9 1b ff ff ff 4d 8b 48 08 48
0x000000005864403a:   8b d6 49 8b 01 49 8b c9 ff 90 08 01 00 00 e9 03 


Register to memory mapping:

RAX=0xe890fffffff6bacc is an unknown value
RBX=0x0000000000000d34 is an unknown value
RCX=0x0000000003780348 is at entry_point+7880 in (nmethod*)0x000000000377e110
RDX=0x0000000001f6d200 is an unknown value
RSP=0x0000000011a4fb70 is an unknown value
RBP=0x00000000157e54a0 is an unknown value
RSI=0x0000000001f6d200 is an unknown value
RDI=0x0000000001e8d6a0 is an unknown value
R8 =0x00000000a472b338 is pointing into object: 0x00000000a472b2f8
[C 
 - klass: {type array char}
 - length: 32
R9 =0x0000000003780348 is at entry_point+7880 in (nmethod*)0x000000000377e110
R10=0x000000000000000c is an unknown value
R11=0x0000000000000d34 is an unknown value
R12=0x0000000001e98560 is an unknown value
R13=0x0000000001e98938 is an unknown value
R14=0x00000000000003d8 is an unknown value
R15=0x0000000000000000 is an unknown value


Stack: [0x0000000011950000,0x0000000011a50000],  sp=0x0000000011a4fb70,  free space=1022k
Native frames: (J=compiled Java code, j=interpreted, Vv=VM code, C=native code)
V  [jvm.dll+0x3c402a]
V  [jvm.dll+0x3c0dc3]
V  [jvm.dll+0x3beb9e]
V  [jvm.dll+0x26d7ea]
C  [msvcr100.dll+0x21d9f]
C  [msvcr100.dll+0x21e3b]
C  [KERNEL32.DLL+0x13d2]
C  [ntdll.dll+0x154e4]


---------------  P R O C E S S  ---------------

Java Threads: ( => current thread )
  0x000000001ce66800 JavaThread "config-34-worker-3" daemon [_thread_blocked, id=21020, stack(0x000000002b370000,0x000000002b570000)]
  0x000000001ce63800 JavaThread "config-34-worker-2" daemon [_thread_blocked, id=3580, stack(0x000000002b170000,0x000000002b370000)]
  0x000000001ce5f800 JavaThread "config-34-worker-1" daemon [_thread_blocked, id=19312, stack(0x000000002af70000,0x000000002b170000)]
  0x000000001ce5c000 JavaThread "config-34-worker-0" daemon [_thread_blocked, id=20008, stack(0x000000002ad70000,0x000000002af70000)]
  0x000000001ab9f800 JavaThread "Jack reporter" [_thread_blocked, id=21224, stack(0x00000000259c0000,0x0000000025ac0000)]
  0x000000001ab9b000 JavaThread "Task worker for ':' Thread 3" [_thread_blocked, id=11252, stack(0x0000000025670000,0x0000000025770000)]
  0x000000001ab9b800 JavaThread "Task worker for ':' Thread 2" [_thread_blocked, id=21296, stack(0x0000000024c40000,0x0000000024d40000)]
  0x000000001ab9d000 JavaThread "Task worker for ':'" [_thread_blocked, id=15888, stack(0x0000000023b50000,0x0000000023c50000)]
  0x000000001ab98800 JavaThread "Cache worker for Build Output Cleanup Cache (C:\RevcollectEnumerator\.gradle\buildOutputCleanup)" [_thread_blocked, id=18656, stack(0x0000000023650000,0x0000000023750000)]
  0x000000001ab99800 JavaThread "Cache worker for task history cache (C:\RevcollectEnumerator\.gradle\4.4\taskHistory)" [_thread_blocked, id=21180, stack(0x0000000022d50000,0x0000000022e50000)]
  0x000000001ab97000 JavaThread "build operations Thread 4" [_thread_blocked, id=5016, stack(0x00000000225f0000,0x00000000226f0000)]
  0x000000001ab9a000 JavaThread "build operations Thread 3" [_thread_blocked, id=20420, stack(0x00000000204e0000,0x00000000205e0000)]
  0x000000001e816800 JavaThread "build operations Thread 2" [_thread_blocked, id=19608, stack(0x000000001fae0000,0x000000001fbe0000)]
  0x000000001e816000 JavaThread "build operations" [_thread_blocked, id=1512, stack(0x000000001db70000,0x000000001dc70000)]
  0x000000001e819000 JavaThread "Cache worker for Artifact transforms cache (C:\Users\Hosanna\.gradle\caches\transforms-1)" [_thread_blocked, id=19012, stack(0x000000001c9c0000,0x000000001cac0000)]
  0x000000001e813000 JavaThread "Cache worker for file hash cache (C:\RevcollectEnumerator\.gradle\4.4\fileHashes)" [_thread_blocked, id=17396, stack(0x000000001b6f0000,0x000000001b7f0000)]
  0x000000001e815000 JavaThread "Stdin handler" [_thread_blocked, id=19180, stack(0x000000001a220000,0x000000001a320000)]
  0x000000001e812000 JavaThread "Asynchronous log dispatcher for DefaultDaemonConnection: socket connection from /127.0.0.1:53382 to /127.0.0.1:54081" [_thread_blocked, id=4300, stack(0x000000001a120000,0x000000001a220000)]
  0x000000001e813800 JavaThread "Daemon worker Thread 7" [_thread_blocked, id=1576, stack(0x000000001a020000,0x000000001a120000)]
  0x000000001e80b800 JavaThread "Cancel handler" [_thread_blocked, id=17288, stack(0x0000000019f20000,0x000000001a020000)]
  0x000000001e80c000 JavaThread "Handler for socket connection from /127.0.0.1:53382 to /127.0.0.1:54081" [_thread_in_native, id=22484, stack(0x0000000019c20000,0x0000000019d20000)]
  0x000000001e80e800 JavaThread "Daemon Thread 7" [_thread_blocked, id=1232, stack(0x0000000019b20000,0x0000000019c20000)]
  0x000000001e810000 JavaThread "Java2D Disposer" daemon [_thread_blocked, id=21788, stack(0x00000000266c0000,0x00000000267c0000)]
  0x000000001ab96800 JavaThread "Memory manager" [_thread_blocked, id=22256, stack(0x000000001ffe0000,0x00000000200e0000)]
  0x0000000018a5b800 JavaThread "File lock request listener" [_thread_in_native, id=21276, stack(0x000000001a620000,0x000000001a720000)]
  0x0000000018a21000 JavaThread "Cache worker for file hash cache (C:\Users\Hosanna\.gradle\caches\4.4\fileHashes)" [_thread_blocked, id=21124, stack(0x000000001a520000,0x000000001a620000)]
  0x0000000018510000 JavaThread "Daemon periodic checks" [_thread_blocked, id=19564, stack(0x0000000019a20000,0x0000000019b20000)]
  0x00000000185fa000 JavaThread "Incoming local TCP Connector on port 53382" [_thread_in_native, id=20220, stack(0x0000000019520000,0x0000000019620000)]
  0x0000000017290800 JavaThread "Service Thread" daemon [_thread_blocked, id=22216, stack(0x0000000017670000,0x0000000017770000)]
  0x0000000015911800 JavaThread "C1 CompilerThread2" daemon [_thread_blocked, id=17812, stack(0x0000000017170000,0x0000000017270000)]
  0x000000001590c800 JavaThread "C2 CompilerThread1" daemon [_thread_blocked, id=4224, stack(0x0000000017070000,0x0000000017170000)]
  0x0000000015918800 JavaThread "C2 CompilerThread0" daemon [_thread_blocked, id=4600, stack(0x0000000016f70000,0x0000000017070000)]
  0x0000000015916800 JavaThread "Attach Listener" daemon [_thread_blocked, id=21956, stack(0x0000000016e70000,0x0000000016f70000)]
  0x0000000015915800 JavaThread "Signal Dispatcher" daemon [_thread_blocked, id=19632, stack(0x0000000016d70000,0x0000000016e70000)]
  0x0000000001f79000 JavaThread "Finalizer" daemon [_thread_blocked, id=19824, stack(0x0000000016b80000,0x0000000016c80000)]
  0x0000000001f73000 JavaThread "Reference Handler" daemon [_thread_blocked, id=20580, stack(0x0000000016a80000,0x0000000016b80000)]
  0x0000000001e4d800 JavaThread "main" [_thread_blocked, id=20668, stack(0x0000000001d30000,0x0000000001e30000)]

Other Threads:
  0x00000000158d5000 VMThread [stack: 0x0000000016980000,0x0000000016a80000] [id=3012]
  0x000000001596c800 WatcherThread [stack: 0x0000000017770000,0x0000000017870000] [id=20868]

=>0x0000000001e98000 (exited) GCTaskThread [stack: 0x0000000011950000,0x0000000011a50000] [id=16900]

VM state:at safepoint (normal execution)

VM Mutex/Monitor currently owned by a thread:  ([mutex/lock_event])
[0x0000000001e4cd20] Threads_lock - owner thread: 0x00000000158d5000
[0x0000000001e4cea0] Heap_lock - owner thread: 0x000000001ce5f800

Heap:
 PSYoungGen      total 335360K, used 329382K [0x00000000e0000000, 0x0000000100000000, 0x0000000100000000)
  eden space 175104K, 100% used [0x00000000e0000000,0x00000000eab00000,0x00000000eab00000)
  from space 160256K, 96% used [0x00000000f5980000,0x00000000ff0299a0,0x00000000ff600000)
  to   space 174592K, 99% used [0x00000000eab00000,0x00000000f55799a0,0x00000000f5580000)
 ParOldGen       total 1048576K, used 1048565K [0x00000000a0000000, 0x00000000e0000000, 0x00000000e0000000)
  object space 1048576K, 99% used [0x00000000a0000000,0x00000000dfffd4b0,0x00000000e0000000)
 Metaspace       used 102015K, capacity 105492K, committed 107008K, reserved 1142784K
  class space    used 12335K, capacity 13107K, committed 13568K, reserved 1048576K

Card table byte_map: [0x0000000011340000,0x0000000011650000] byte_map_base: 0x0000000010e40000

Marking Bits: (ParMarkBitMap*) 0x0000000058a44970
 Begin Bits: [0x0000000011c50000, 0x0000000013450000)
 End Bits:   [0x0000000013450000, 0x0000000014c50000)

Polling page: 0x0000000001e30000

CodeCache: size=245760Kb used=86469Kb max_used=86575Kb free=159290Kb
 bounds [0x0000000001f80000, 0x00000000074a0000, 0x0000000010f80000]
 total_blobs=23673 nmethods=22692 adapters=888
 compilation: enabled

Compilation events (10 events):
Event: 4781.739 Thread 0x0000000015918800 31954       4       com.android.jack.transformations.ast.InitInNewArrayRemover$Visitor::visit (281 bytes)
Event: 4781.852 Thread 0x000000001590c800 31955       4       com.android.jack.ir.ast.JDefinedClassOrInterface::getAnnotationTypes (26 bytes)
Event: 4781.853 Thread 0x000000001590c800 nmethod 31955 0x0000000003188dd0 code [0x0000000003188f20, 0x0000000003189028]
Event: 4781.855 Thread 0x000000001590c800 31956       4       com.android.jack.backend.dex.rop.RopHelper::createTypeList (61 bytes)
Event: 4781.860 Thread 0x0000000015918800 nmethod 31954 0x0000000007459cd0 code [0x0000000007459fe0, 0x000000000745c728]
Event: 4781.862 Thread 0x0000000015918800 31957       4       com.android.jack.util.ControlFlowHelper::getNextStatement (147 bytes)
Event: 4781.865 Thread 0x000000001590c800 nmethod 31956 0x000000000494f1d0 code [0x000000000494f380, 0x000000000494fa58]
Event: 4781.873 Thread 0x0000000015918800 nmethod 31957 0x0000000003ca87d0 code [0x0000000003ca89e0, 0x0000000003ca90e0]
Event: 4789.932 Thread 0x000000001590c800 31958       4       com.android.jack.cfg.ForwardBranchResolver$ConditionalBasicBlockToResolve::resolve (53 bytes)
Event: 4789.981 Thread 0x000000001590c800 nmethod 31958 0x0000000002b7d210 code [0x0000000002b7d460, 0x0000000002b7ee30]

GC Heap History (10 events):
Event: 4782.220 GC heap after
Heap after GC invocations=211 (full 35):
 PSYoungGen      total 339456K, used 130699K [0x00000000e0000000, 0x0000000100000000, 0x0000000100000000)
  eden space 180736K, 0% used [0x00000000e0000000,0x00000000e0000000,0x00000000eb080000)
  from space 158720K, 82% used [0x00000000eb080000,0x00000000f3022f90,0x00000000f4b80000)
  to   space 173568K, 0% used [0x00000000f5680000,0x00000000f5680000,0x0000000100000000)
 ParOldGen       total 1048576K, used 958697K [0x00000000a0000000, 0x00000000e0000000, 0x00000000e0000000)
  object space 1048576K, 91% used [0x00000000a0000000,0x00000000da83a418,0x00000000e0000000)
 Metaspace       used 102015K, capacity 105492K, committed 107008K, reserved 1142784K
  class space    used 12335K, capacity 13107K, committed 13568K, reserved 1048576K
}
Event: 4786.197 GC heap before
{Heap before GC invocations=212 (full 35):
 PSYoungGen      total 339456K, used 311435K [0x00000000e0000000, 0x0000000100000000, 0x0000000100000000)
  eden space 180736K, 100% used [0x00000000e0000000,0x00000000eb080000,0x00000000eb080000)
  from space 158720K, 82% used [0x00000000eb080000,0x00000000f3022f90,0x00000000f4b80000)
  to   space 173568K, 0% used [0x00000000f5680000,0x00000000f5680000,0x0000000100000000)
 ParOldGen       total 1048576K, used 958697K [0x00000000a0000000, 0x00000000e0000000, 0x00000000e0000000)
  object space 1048576K, 91% used [0x00000000a0000000,0x00000000da83a418,0x00000000e0000000)
 Metaspace       used 102015K, capacity 105492K, committed 107008K, reserved 1142784K
  class space    used 12335K, capacity 13107K, committed 13568K, reserved 1048576K
Event: 4786.271 GC heap after
Heap after GC invocations=212 (full 35):
 PSYoungGen      total 352256K, used 69238K [0x00000000e0000000, 0x00000000ff800000, 0x0000000100000000)
  eden space 186880K, 0% used [0x00000000e0000000,0x00000000e0000000,0x00000000eb680000)
  from space 165376K, 41% used [0x00000000f5680000,0x00000000f9a1db58,0x00000000ff800000)
  to   space 163840K, 0% used [0x00000000eb680000,0x00000000eb680000,0x00000000f5680000)
 ParOldGen       total 1048576K, used 958697K [0x00000000a0000000, 0x00000000e0000000, 0x00000000e0000000)
  object space 1048576K, 91% used [0x00000000a0000000,0x00000000da83a418,0x00000000e0000000)
 Metaspace       used 102015K, capacity 105492K, committed 107008K, reserved 1142784K
  class space    used 12335K, capacity 13107K, committed 13568K, reserved 1048576K
}
Event: 4789.794 GC heap before
{Heap before GC invocations=213 (full 35):
 PSYoungGen      total 352256K, used 256118K [0x00000000e0000000, 0x00000000ff800000, 0x0000000100000000)
  eden space 186880K, 100% used [0x00000000e0000000,0x00000000eb680000,0x00000000eb680000)
  from space 165376K, 41% used [0x00000000f5680000,0x00000000f9a1db58,0x00000000ff800000)
  to   space 163840K, 0% used [0x00000000eb680000,0x00000000eb680000,0x00000000f5680000)
 ParOldGen       total 1048576K, used 958697K [0x00000000a0000000, 0x00000000e0000000, 0x00000000e0000000)
  object space 1048576K, 91% used [0x00000000a0000000,0x00000000da83a418,0x00000000e0000000)
 Metaspace       used 102015K, capacity 105492K, committed 107008K, reserved 1142784K
  class space    used 12335K, capacity 13107K, committed 13568K, reserved 1048576K
Event: 4789.879 GC heap after
Heap after GC invocations=213 (full 35):
 PSYoungGen      total 350720K, used 87809K [0x00000000e0000000, 0x00000000ff600000, 0x0000000100000000)
  eden space 186880K, 0% used [0x00000000e0000000,0x00000000e0000000,0x00000000eb680000)
  from space 163840K, 53% used [0x00000000eb680000,0x00000000f0c40770,0x00000000f5680000)
  to   space 160256K, 0% used [0x00000000f5980000,0x00000000f5980000,0x00000000ff600000)
 ParOldGen       total 1048576K, used 958697K [0x00000000a0000000, 0x00000000e0000000, 0x00000000e0000000)
  object space 1048576K, 91% used [0x00000000a0000000,0x00000000da83a418,0x00000000e0000000)
 Metaspace       used 102015K, capacity 105492K, committed 107008K, reserved 1142784K
  class space    used 12335K, capacity 13107K, committed 13568K, reserved 1048576K
}
Event: 4790.112 GC heap before
{Heap before GC invocations=214 (full 35):
 PSYoungGen      total 350720K, used 274685K [0x00000000e0000000, 0x00000000ff600000, 0x0000000100000000)
  eden space 186880K, 99% used [0x00000000e0000000,0x00000000eb67ed10,0x00000000eb680000)
  from space 163840K, 53% used [0x00000000eb680000,0x00000000f0c40770,0x00000000f5680000)
  to   space 160256K, 0% used [0x00000000f5980000,0x00000000f5980000,0x00000000ff600000)
 ParOldGen       total 1048576K, used 958697K [0x00000000a0000000, 0x00000000e0000000, 0x00000000e0000000)
  object space 1048576K, 91% used [0x00000000a0000000,0x00000000da83a418,0x00000000e0000000)
 Metaspace       used 102015K, capacity 105492K, committed 107008K, reserved 1142784K
  class space    used 12335K, capacity 13107K, committed 13568K, reserved 1048576K
Event: 4790.214 GC heap after
Heap after GC invocations=214 (full 35):
 PSYoungGen      total 335360K, used 154278K [0x00000000e0000000, 0x0000000100000000, 0x0000000100000000)
  eden space 175104K, 0% used [0x00000000e0000000,0x00000000e0000000,0x00000000eab00000)
  from space 160256K, 96% used [0x00000000f5980000,0x00000000ff0299a0,0x00000000ff600000)
  to   space 174592K, 0% used [0x00000000eab00000,0x00000000eab00000,0x00000000f5580000)
 ParOldGen       total 1048576K, used 958697K [0x00000000a0000000, 0x00000000e0000000, 0x00000000e0000000)
  object space 1048576K, 91% used [0x00000000a0000000,0x00000000da83a418,0x00000000e0000000)
 Metaspace       used 102015K, capacity 105492K, committed 107008K, reserved 1142784K
  class space    used 12335K, capacity 13107K, committed 13568K, reserved 1048576K
}
Event: 4790.269 GC heap before
{Heap before GC invocations=215 (full 35):
 PSYoungGen      total 335360K, used 329382K [0x00000000e0000000, 0x0000000100000000, 0x0000000100000000)
  eden space 175104K, 100% used [0x00000000e0000000,0x00000000eab00000,0x00000000eab00000)
  from space 160256K, 96% used [0x00000000f5980000,0x00000000ff0299a0,0x00000000ff600000)
  to   space 174592K, 0% used [0x00000000eab00000,0x00000000eab00000,0x00000000f5580000)
 ParOldGen       total 1048576K, used 958697K [0x00000000a0000000, 0x00000000e0000000, 0x00000000e0000000)
  object space 1048576K, 91% used [0x00000000a0000000,0x00000000da83a418,0x00000000e0000000)
 Metaspace       used 102015K, capacity 105492K, committed 107008K, reserved 1142784K
  class space    used 12335K, capacity 13107K, committed 13568K, reserved 1048576K
Event: 4790.459 GC heap after
Heap after GC invocations=215 (full 35):
 PSYoungGen      total 335360K, used 329382K [0x00000000e0000000, 0x0000000100000000, 0x0000000100000000)
  eden space 175104K, 100% used [0x00000000e0000000,0x00000000eab00000,0x00000000eab00000)
  from space 160256K, 96% used [0x00000000f5980000,0x00000000ff0299a0,0x00000000ff600000)
  to   space 174592K, 99% used [0x00000000eab00000,0x00000000f55799a0,0x00000000f5580000)
 ParOldGen       total 1048576K, used 1048565K [0x00000000a0000000, 0x00000000e0000000, 0x00000000e0000000)
  object space 1048576K, 99% used [0x00000000a0000000,0x00000000dfffd4b0,0x00000000e0000000)
 Metaspace       used 102015K, capacity 105492K, committed 107008K, reserved 1142784K
  class space    used 12335K, capacity 13107K, committed 13568K, reserved 1048576K
}
Event: 4790.459 GC heap before
{Heap before GC invocations=216 (full 36):
 PSYoungGen      total 335360K, used 329382K [0x00000000e0000000, 0x0000000100000000, 0x0000000100000000)
  eden space 175104K, 100% used [0x00000000e0000000,0x00000000eab00000,0x00000000eab00000)
  from space 160256K, 96% used [0x00000000f5980000,0x00000000ff0299a0,0x00000000ff600000)
  to   space 174592K, 99% used [0x00000000eab00000,0x00000000f55799a0,0x00000000f5580000)
 ParOldGen       total 1048576K, used 1048565K [0x00000000a0000000, 0x00000000e0000000, 0x00000000e0000000)
  object space 1048576K, 99% used [0x00000000a0000000,0x00000000dfffd4b0,0x00000000e0000000)
 Metaspace       used 102015K, capacity 105492K, committed 107008K, reserved 1142784K
  class space    used 12335K, capacity 13107K, committed 13568K, reserved 1048576K

Deoptimization events (10 events):
Event: 4768.268 Thread 0x000000001e813800 Uncommon trap: reason=bimorphic action=maybe_recompile pc=0x00000000025681e4 method=com.google.common.collect.RegularImmutableMap.checkNoConflictInBucket(Ljava/lang/Object;Lcom/google/common/collect/ImmutableMapEntry;Lcom/google/common/collect/ImmutableMa
Event: 4768.281 Thread 0x000000001e813800 Uncommon trap: reason=bimorphic action=maybe_recompile pc=0x00000000025681e4 method=com.google.common.collect.RegularImmutableMap.checkNoConflictInBucket(Ljava/lang/Object;Lcom/google/common/collect/ImmutableMapEntry;Lcom/google/common/collect/ImmutableMa
Event: 4769.083 Thread 0x000000001e813800 Uncommon trap: reason=array_check action=maybe_recompile pc=0x0000000003880df4 method=java.util.TimSort.mergeLo(IIII)V @ 81
Event: 4769.112 Thread 0x000000001e813800 Uncommon trap: reason=array_check action=maybe_recompile pc=0x0000000003880df4 method=java.util.TimSort.mergeLo(IIII)V @ 81
Event: 4769.266 Thread 0x000000001ce5c000 Uncommon trap: reason=array_check action=maybe_recompile pc=0x0000000003880df4 method=java.util.TimSort.mergeLo(IIII)V @ 81
Event: 4769.266 Thread 0x000000001ce5c000 Uncommon trap: reason=array_check action=maybe_recompile pc=0x0000000003880df4 method=java.util.TimSort.mergeLo(IIII)V @ 81
Event: 4769.266 Thread 0x000000001ce5c000 Uncommon trap: reason=array_check action=maybe_recompile pc=0x00000000020b46dc method=java.util.TimSort.mergeLo(IIII)V @ 212
Event: 4769.266 Thread 0x000000001ce5c000 Uncommon trap: reason=array_check action=maybe_recompile pc=0x00000000020b46dc method=java.util.TimSort.mergeLo(IIII)V @ 212
Event: 4769.309 Thread 0x000000001ce5c000 Uncommon trap: reason=unstable_if action=reinterpret pc=0x000000000730b9c8 method=com.android.jack.eclipse.jdt.internal.compiler.lookup.BinaryTypeBinding.superInterfaces()[Lcom/android/jack/eclipse/jdt/internal/compiler/lookup/ReferenceBinding; @ 238
Event: 4781.720 Thread 0x000000001ce66800 Uncommon trap: reason=class_check action=maybe_recompile pc=0x00000000041a1590 method=com.android.jack.util.ControlFlowHelper.getNextStatement(Lcom/android/jack/ir/ast/JStatement;)Lcom/android/jack/ir/ast/JStatement; @ 97

Classes redefined (0 events):
No events

Internal exceptions (10 events):
Event: 4768.041 Thread 0x000000001e813800 Exception <a 'sun/nio/fs/WindowsException'> (0x00000000e4847748) thrown at [D:\src\AOSP-openjdk-cygwin\jdk8u\hotspot\src\share\vm\prims\jni.cpp, line 709]
Event: 4768.041 Thread 0x000000001e813800 Exception <a 'sun/nio/fs/WindowsException'> (0x00000000e484a448) thrown at [D:\src\AOSP-openjdk-cygwin\jdk8u\hotspot\src\share\vm\prims\jni.cpp, line 709]
Event: 4768.041 Thread 0x000000001e813800 Exception <a 'sun/nio/fs/WindowsException'> (0x00000000e484b0e0) thrown at [D:\src\AOSP-openjdk-cygwin\jdk8u\hotspot\src\share\vm\prims\jni.cpp, line 709]
Event: 4768.041 Thread 0x000000001e813800 Exception <a 'sun/nio/fs/WindowsException'> (0x00000000e484cdc0) thrown at [D:\src\AOSP-openjdk-cygwin\jdk8u\hotspot\src\share\vm\prims\jni.cpp, line 709]
Event: 4768.041 Thread 0x000000001e813800 Exception <a 'sun/nio/fs/WindowsException'> (0x00000000e484da90) thrown at [D:\src\AOSP-openjdk-cygwin\jdk8u\hotspot\src\share\vm\prims\jni.cpp, line 709]
Event: 4768.041 Thread 0x000000001e813800 Exception <a 'sun/nio/fs/WindowsException'> (0x00000000e48508d0) thrown at [D:\src\AOSP-openjdk-cygwin\jdk8u\hotspot\src\share\vm\prims\jni.cpp, line 709]
Event: 4768.041 Thread 0x000000001e813800 Exception <a 'sun/nio/fs/WindowsException'> (0x00000000e48515d0) thrown at [D:\src\AOSP-openjdk-cygwin\jdk8u\hotspot\src\share\vm\prims\jni.cpp, line 709]
Event: 4768.041 Thread 0x000000001e813800 Exception <a 'sun/nio/fs/WindowsException'> (0x00000000e4853300) thrown at [D:\src\AOSP-openjdk-cygwin\jdk8u\hotspot\src\share\vm\prims\jni.cpp, line 709]
Event: 4768.041 Thread 0x000000001e813800 Exception <a 'sun/nio/fs/WindowsException'> (0x00000000e4854040) thrown at [D:\src\AOSP-openjdk-cygwin\jdk8u\hotspot\src\share\vm\prims\jni.cpp, line 709]
Event: 4768.529 Thread 0x000000001e813800 Exception <a 'java/lang/NullPointerException'> (0x00000000e85552f0) thrown at [D:\src\AOSP-openjdk-cygwin\jdk8u\hotspot\src\share\vm\interpreter\linkResolver.cpp, line 1301]

Events (10 events):
Event: 4789.681 Executing VM operation: RevokeBias
Event: 4789.682 Executing VM operation: RevokeBias done
Event: 4789.682 Executing VM operation: RevokeBias
Event: 4789.682 Executing VM operation: RevokeBias done
Event: 4789.794 Executing VM operation: ParallelGCFailedAllocation
Event: 4789.879 Executing VM operation: ParallelGCFailedAllocation done
Event: 4789.982 Thread 0x000000001590c800 flushing nmethod 0x000000000318a790
Event: 4790.112 Executing VM operation: ParallelGCFailedAllocation
Event: 4790.214 Executing VM operation: ParallelGCFailedAllocation done
Event: 4790.269 Executing VM operation: ParallelGCFailedAllocation


Dynamic libraries:
0x00007ff641ad0000 - 0x00007ff641b01000 	C:\Program Files\Android\Android Studio\jre\bin\java.exe
0x00007ff8f25f0000 - 0x00007ff8f279d000 	C:\Windows\SYSTEM32\ntdll.dll
0x00007ff8f1d10000 - 0x00007ff8f1e4e000 	C:\Windows\system32\KERNEL32.DLL
0x00007ff8ef810000 - 0x00007ff8ef925000 	C:\Windows\system32\KERNELBASE.dll
0x00007ff8f01f0000 - 0x00007ff8f029a000 	C:\Windows\system32\ADVAPI32.dll
0x00007ff8f1830000 - 0x00007ff8f19a7000 	C:\Windows\system32\USER32.dll
0x00007ff8ed670000 - 0x00007ff8ed8eb000 	C:\Windows\WinSxS\amd64_microsoft.windows.common-controls_6595b64144ccf1df_6.0.9600.18006_none_623f33d3ecbe86e8\COMCTL32.dll
0x00007ff8efff0000 - 0x00007ff8f009a000 	C:\Windows\system32\msvcrt.dll
0x00007ff8eff30000 - 0x00007ff8eff89000 	C:\Windows\SYSTEM32\sechost.dll
0x00007ff8f00a0000 - 0x00007ff8f01e1000 	C:\Windows\system32\RPCRT4.dll
0x00007ff8f22e0000 - 0x00007ff8f2430000 	C:\Windows\system32\GDI32.dll
0x00007ff8efef0000 - 0x00007ff8eff26000 	C:\Windows\system32\IMM32.DLL
0x00007ff8f1bb0000 - 0x00007ff8f1d02000 	C:\Windows\system32\MSCTF.dll
0x00000000581a0000 - 0x0000000058272000 	C:\Program Files\Android\Android Studio\jre\jre\bin\msvcr100.dll
0x0000000058280000 - 0x0000000058abf000 	C:\Program Files\Android\Android Studio\jre\jre\bin\server\jvm.dll
0x00007ff8eccd0000 - 0x00007ff8eccd9000 	C:\Windows\SYSTEM32\WSOCK32.dll
0x00007ff8e9d90000 - 0x00007ff8e9db2000 	C:\Windows\SYSTEM32\WINMM.dll
0x00007ff8ea450000 - 0x00007ff8ea45a000 	C:\Windows\SYSTEM32\VERSION.dll
0x00007ff8f25e0000 - 0x00007ff8f25e7000 	C:\Windows\system32\PSAPI.DLL
0x00007ff8f2560000 - 0x00007ff8f25ba000 	C:\Windows\system32\WS2_32.dll
0x00007ff8e9d60000 - 0x00007ff8e9d8a000 	C:\Windows\SYSTEM32\WINMMBASE.dll
0x00007ff8efee0000 - 0x00007ff8efee9000 	C:\Windows\system32\NSI.dll
0x00007ff8efc20000 - 0x00007ff8efc6f000 	C:\Windows\SYSTEM32\cfgmgr32.dll
0x00007ff8ee540000 - 0x00007ff8ee568000 	C:\Windows\SYSTEM32\DEVOBJ.dll
0x00007ff8c3470000 - 0x00007ff8c347f000 	C:\Program Files\Android\Android Studio\jre\jre\bin\verify.dll
0x00007ff8bdba0000 - 0x00007ff8bdbc9000 	C:\Program Files\Android\Android Studio\jre\jre\bin\java.dll
0x00007ff8bf5f0000 - 0x00007ff8bf606000 	C:\Program Files\Android\Android Studio\jre\jre\bin\zip.dll
0x00007ff8f0300000 - 0x00007ff8f182a000 	C:\Windows\system32\SHELL32.dll
0x00007ff8f20c0000 - 0x00007ff8f22d1000 	C:\Windows\SYSTEM32\combase.dll
0x00007ff8eff90000 - 0x00007ff8effe4000 	C:\Windows\system32\SHLWAPI.dll
0x00007ff8edd90000 - 0x00007ff8ede42000 	C:\Windows\SYSTEM32\SHCORE.dll
0x00007ff8ef740000 - 0x00007ff8ef755000 	C:\Windows\SYSTEM32\profapi.dll
0x00007ff8c0c10000 - 0x00007ff8c0c2a000 	C:\Program Files\Android\Android Studio\jre\jre\bin\net.dll
0x00007ff8ef020000 - 0x00007ff8ef079000 	C:\Windows\system32\mswsock.dll
0x00007ff8bf620000 - 0x00007ff8bf631000 	C:\Program Files\Android\Android Studio\jre\jre\bin\nio.dll
0x00007ff8cf0c0000 - 0x00007ff8cf0de000 	C:\Users\Hosanna\.gradle\native\25\windows-amd64\native-platform.dll
0x00007ff8c3460000 - 0x00007ff8c346d000 	C:\Program Files\Android\Android Studio\jre\jre\bin\management.dll
0x00007ff8ef080000 - 0x00007ff8ef0a0000 	C:\Windows\SYSTEM32\CRYPTSP.dll
0x00007ff8eec50000 - 0x00007ff8eec86000 	C:\Windows\system32\rsaenh.dll
0x00007ff8ef2d0000 - 0x00007ff8ef2f6000 	C:\Windows\SYSTEM32\bcrypt.dll
0x00007ff8eed60000 - 0x00007ff8eed81000 	C:\Windows\SYSTEM32\USERENV.dll
0x00007ff8ef610000 - 0x00007ff8ef673000 	C:\Windows\system32\bcryptprimitives.dll
0x00007ff8ef680000 - 0x00007ff8ef68b000 	C:\Windows\SYSTEM32\CRYPTBASE.dll
0x00007ff8e9c70000 - 0x00007ff8e9c9a000 	C:\Windows\SYSTEM32\IPHLPAPI.DLL
0x00007ff8e9c50000 - 0x00007ff8e9c5a000 	C:\Windows\SYSTEM32\WINNSI.DLL
0x00007ff8e94a0000 - 0x00007ff8e94b6000 	C:\Windows\SYSTEM32\dhcpcsvc6.DLL
0x00007ff8e98f0000 - 0x00007ff8e990a000 	C:\Windows\SYSTEM32\dhcpcsvc.DLL
0x00007ff8cf150000 - 0x00007ff8cf174000 	C:\Program Files\Android\Android Studio\jre\jre\bin\sunec.dll
0x00007ff8ebe80000 - 0x00007ff8ebe8b000 	C:\Program Files\Android\Android Studio\jre\jre\bin\sunmscapi.dll
0x00007ff8ef930000 - 0x00007ff8efb0f000 	C:\Windows\system32\CRYPT32.dll
0x00007ff8ef7f0000 - 0x00007ff8ef801000 	C:\Windows\system32\MSASN1.dll
0x00007ff8e8fa0000 - 0x00007ff8e8fd2000 	C:\Windows\SYSTEM32\ntmarta.dll
0x00007ff8eee20000 - 0x00007ff8eeec4000 	C:\Windows\SYSTEM32\DNSAPI.dll
0x00007ff8e1050000 - 0x00007ff8e105a000 	C:\Windows\System32\rasadhlp.dll
0x00007ff8e9ad0000 - 0x00007ff8e9b3b000 	C:\Windows\System32\fwpuclnt.dll
0x00007ff8bda00000 - 0x00007ff8bdb96000 	C:\Program Files\Android\Android Studio\jre\jre\bin\awt.dll
0x00007ff8efc70000 - 0x00007ff8efd31000 	C:\Windows\system32\OLEAUT32.dll
0x00007ff8ea750000 - 0x00007ff8eabd1000 	C:\Windows\SYSTEM32\d2d1.dll
0x00007ff8ee2e0000 - 0x00007ff8ee36e000 	C:\Windows\system32\apphelp.dll
0x00007ff8ed8f0000 - 0x00007ff8ed911000 	C:\Windows\system32\DWMAPI.DLL
0x00007ff8ee380000 - 0x00007ff8ee4a9000 	C:\Windows\system32\uxtheme.dll
0x00007ff8e8540000 - 0x00007ff8e86c9000 	C:\Windows\SYSTEM32\dbghelp.dll

VM Arguments:
jvm_args: -Xmx1536m -Dfile.encoding=windows-1252 -Duser.country=US -Duser.language=en -Duser.variant 
java_command: org.gradle.launcher.daemon.bootstrap.GradleDaemon 4.4
java_class_path (initial): C:\Users\Hosanna\.gradle\wrapper\dists\gradle-4.4-all\9br9xq1tocpiv8o6njlyu5op1\gradle-4.4\lib\gradle-launcher-4.4.jar
Launcher Type: SUN_STANDARD

Environment Variables:
PATH=C:\Program Files (x86)\Common Files\Oracle\Java\javapath;C:\Windows\system32;C:\Windows;C:\Windows\System32\Wbem;C:\Windows\System32\WindowsPowerShell\v1.0\;C:\Program Files (x86)\Skype\Phone\
USERNAME=Hosanna
OS=Windows_NT
PROCESSOR_IDENTIFIER=Intel64 Family 6 Model 69 Stepping 1, GenuineIntel



---------------  S Y S T E M  ---------------

OS: Windows 8.1 , 64 bit Build 9600 (6.3.9600.17415)

CPU:total 4 (initial active 4) (2 cores per cpu, 2 threads per core) family 6 model 69 stepping 1, cmov, cx8, fxsr, mmx, sse, sse2, sse3, ssse3, sse4.1, sse4.2, popcnt, avx, avx2, aes, clmul, erms, lzcnt, ht, tsc, tscinvbit, bmi1, bmi2

Memory: 4k page, physical 16709932k(3254668k free), swap 33487148k(14637744k free)

vm_info: OpenJDK 64-Bit Server VM (25.152-b02) for windows-amd64 JRE (1.8.0_152-release-1024-b02), built by "builder" with MS VC++ 10.0 (VS2010)

time: Tue Nov 06 10:15:37 2018
elapsed time: 4791 seconds (0d 1h 19m 51s)

